action: GLOB, msg: packaging
cwd: /home/fenri/Escritorio/DemocrApp
cmd: /usr/bin/python3 setup.py sdist --formats=zip --dist-dir .tox/dist
running sdist
running egg_info
writing Restful_dict.egg-info/PKG-INFO
writing dependency_links to Restful_dict.egg-info/dependency_links.txt
writing top-level names to Restful_dict.egg-info/top_level.txt
reading manifest file 'Restful_dict.egg-info/SOURCES.txt'
writing manifest file 'Restful_dict.egg-info/SOURCES.txt'
warning: sdist: standard file not found: should have one of README, README.rst, README.txt, README.md

running check
warning: check: missing required meta-data: url

creating Restful dict-0.2
creating Restful dict-0.2/Restful_dict.egg-info
creating Restful dict-0.2/test
copying files to Restful dict-0.2...
copying setup.py -> Restful dict-0.2
copying Restful_dict.egg-info/PKG-INFO -> Restful dict-0.2/Restful_dict.egg-info
copying Restful_dict.egg-info/SOURCES.txt -> Restful dict-0.2/Restful_dict.egg-info
copying Restful_dict.egg-info/dependency_links.txt -> Restful dict-0.2/Restful_dict.egg-info
copying Restful_dict.egg-info/top_level.txt -> Restful dict-0.2/Restful_dict.egg-info
copying test/test_integracion.py -> Restful dict-0.2/test
Writing Restful dict-0.2/setup.cfg
creating '.tox/dist/Restful dict-0.2.zip' and adding 'Restful dict-0.2' to it
adding 'Restful dict-0.2'
adding 'Restful dict-0.2/Restful_dict.egg-info'
adding 'Restful dict-0.2/test'
adding 'Restful dict-0.2/setup.py'
adding 'Restful dict-0.2/setup.cfg'
adding 'Restful dict-0.2/PKG-INFO'
adding 'Restful dict-0.2/Restful_dict.egg-info/top_level.txt'
adding 'Restful dict-0.2/Restful_dict.egg-info/PKG-INFO'
adding 'Restful dict-0.2/Restful_dict.egg-info/SOURCES.txt'
adding 'Restful dict-0.2/Restful_dict.egg-info/dependency_links.txt'
adding 'Restful dict-0.2/test/test_integracion.py'
removing 'Restful dict-0.2' (and everything under it)
